npm warn deprecated @babel/plugin-proposal-private-methods@7.18.6: This proposal has been merged to the ECMAScript standard and thus this plugin is no longer maintained. Please use @babel/plugin-transform-private-methods instead.
npm warn tar TAR_ENTRY_ERROR ENOSPC: no space left on device, write
npm warn tar TAR_ENTRY_ERROR ENOSPC: no space left on device, write
npm warn tar TAR_ENTRY_ERROR ENOSPC: no space left on device, write
npm warn tar TAR_ENTRY_ERROR EBADF: bad file descriptor, write
npm warn tar TAR_ENTRY_ERROR ENOSPC: no space left on device, write
npm warn tar TAR_ENTRY_ERROR EBADF: bad file descriptor, lstat 'D:\PROJECTS\SimHPC\app\node_modules\victory-vendor\lib-vendor\d3-time'
npm warn tar TAR_ENTRY_ERROR ENOSPC: no space left on device, write
npm warn tar TAR_ENTRY_ERROR ENOSPC: no space left on device, write
npm warn tar TAR_ENTRY_ERROR ENOENT: no such file or directory, lstat 'D:\PROJECTS\SimHPC\app\node_modules\zod\src\v4\locales'
npm warn tar TAR_ENTRY_ERROR ENOSPC: no space left on device, write
npm warn tar TAR_ENTRY_ERROR ENOSPC: no space left on device, write
npm warn tar TAR_ENTRY_ERROR ENOSPC: no space left on device, write
npm warn tar TAR_ENTRY_ERROR ENOSPC: no space left on device, write
npm warn tar TAR_ENTRY_ERROR ENOSPC: no space left on device, write
npm warn tar TAR_ENTRY_ERROR ENOSPC: no space left on device, write
npm warn tar TAR_ENTRY_ERROR EBADF: bad file descriptor, write
npm warn tar TAR_ENTRY_ERROR ENOSPC: no space left on device, write
npm warn tar TAR_ENTRY_ERROR ENOSPC: no space left on device, write
npm warn tar TAR_ENTRY_ERROR ENOSPC: no space left on device, write
npm warn tar TAR_ENTRY_ERROR ENOSPC: no space left on device, write
npm warn tar TAR_ENTRY_ERROR ENOSPC: no space left on device, write
npm warn tar TAR_ENTRY_ERROR ENOSPC: no space left on device, write
npm warn tar TAR_ENTRY_ERROR ENOSPC: no space left on device, write
npm warn tar TAR_ENTRY_ERROR ENOSPC: no space left on device, write
npm warn tar TAR_ENTRY_ERROR ENOSPC: no space left on device, write
npm warn tar TAR_ENTRY_ERROR ENOSPC: no space left on device, write
npm warn tar TAR_ENTRY_ERROR EBADF: bad file descriptor, write
npm warn tar TAR_ENTRY_ERROR ENOSPC: no space left on device, write
npm warn tar TAR_ENTRY_ERROR ENOSPC: no space left on device, write
npm warn tar TAR_ENTRY_ERROR ENOSPC: no space left on device, write
npm warn tar TAR_ENTRY_ERROR ENOSPC: no space left on device, write
npm warn tar TAR_ENTRY_ERROR ENOSPC: no space left on device, write
npm warn tar TAR_ENTRY_ERROR EBADF: bad file descriptor, write
npm warn tar TAR_ENTRY_ERROR ENOSPC: no space left on device, write
npm warn tar TAR_ENTRY_ERROR ENOSPC: no space left on device, write
npm warn tar TAR_ENTRY_ERROR EBADF: bad file descriptor, write
npm warn tar TAR_ENTRY_ERROR EBADF: bad file descriptor, write
npm warn tar TAR_ENTRY_ERROR ENOSPC: no space left on device, write
npm warn tar TAR_ENTRY_ERROR ENOSPC: no space left on device, write
npm warn tar TAR_ENTRY_ERROR ENOSPC: no space left on device, write
npm warn tar TAR_ENTRY_ERROR EBADF: bad file descriptor, lstat 'D:\PROJECTS\SimHPC\app\node_modules\lucide-react\dist\esm'
npm warn tar TAR_ENTRY_ERROR ENOSPC: no space left on device, write
npm warn tar TAR_ENTRY_ERROR ENOSPC: no space left on device, write
npm warn tar TAR_ENTRY_ERROR ENOSPC: no space left on device, write
npm error A complete log of this run can be found in: C:\Users\arche\AppData\Local\npm-cache\_logs\2026-03-04T03_49_19_417Z-debug-0.log
